# JRE version: OpenJDK Runtime Environment (11.0.12+7) (build 11.0.12+7-post-Debian-2deb10u1)
# Java VM: OpenJDK 64-Bit Server VM (11.0.12+7-post-Debian-2deb10u1, mixed mode, sharing, tiered, compressed oops, g1 gc, linux-amd64)
Heap:
 garbage-first heap   total 452608K, used 111005K [0x00000000a0000000, 0x0000000100000000)
  region size 1024K, 10 young (10240K), 10 survivors (10240K)
 Metaspace       used 32743K, capacity 33489K, committed 34300K, reserved 1079296K
  class space    used 4487K, capacity 4735K, committed 4860K, reserved 1048576K
GC Heap History (20 events):
Event: 3,076 GC heap after
{Heap after GC invocations=7 (full 0):
 garbage-first heap   total 131072K, used 45612K [0x00000000a0000000, 0x0000000100000000)
  region size 1024K, 9 young (9216K), 9 survivors (9216K)
 Metaspace       used 32715K, capacity 33415K, committed 34044K, reserved 1079296K
  class space    used 4489K, capacity 4756K, committed 4860K, reserved 1048576K
}
Event: 3,232 GC heap before
{Heap before GC invocations=7 (full 0):
 garbage-first heap   total 131072K, used 91692K [0x00000000a0000000, 0x0000000100000000)
  region size 1024K, 54 young (55296K), 9 survivors (9216K)
 Metaspace       used 32717K, capacity 33415K, committed 34044K, reserved 1079296K
  class space    used 4489K, capacity 4756K, committed 4860K, reserved 1048576K
}
Event: 3,254 GC heap after
{Heap after GC invocations=8 (full 0):
 garbage-first heap   total 172032K, used 59431K [0x00000000a0000000, 0x0000000100000000)
  region size 1024K, 7 young (7168K), 7 survivors (7168K)
 Metaspace       used 32717K, capacity 33415K, committed 34044K, reserved 1079296K
  class space    used 4489K, capacity 4756K, committed 4860K, reserved 1048576K
}
Event: 3,510 GC heap before
{Heap before GC invocations=8 (full 0):
 garbage-first heap   total 172032K, used 115751K [0x00000000a0000000, 0x0000000100000000)
  region size 1024K, 62 young (63488K), 7 survivors (7168K)
 Metaspace       used 32721K, capacity 33415K, committed 34044K, reserved 1079296K
  class space    used 4489K, capacity 4756K, committed 4860K, reserved 1048576K
}
Event: 3,526 GC heap after
{Heap after GC invocations=9 (full 0):
 garbage-first heap   total 172032K, used 79560K [0x00000000a0000000, 0x0000000100000000)
  region size 1024K, 8 young (8192K), 8 survivors (8192K)
 Metaspace       used 32721K, capacity 33415K, committed 34044K, reserved 1079296K
  class space    used 4489K, capacity 4756K, committed 4860K, reserved 1048576K
}
Event: 3,703 GC heap before
{Heap before GC invocations=9 (full 0):
 garbage-first heap   total 172032K, used 121544K [0x00000000a0000000, 0x0000000100000000)
  region size 1024K, 49 young (50176K), 8 survivors (8192K)
 Metaspace       used 32721K, capacity 33415K, committed 34044K, reserved 1079296K
  class space    used 4489K, capacity 4756K, committed 4860K, reserved 1048576K
}
Event: 3,723 GC heap after
{Heap after GC invocations=10 (full 0):
 garbage-first heap   total 172032K, used 89725K [0x00000000a0000000, 0x0000000100000000)
  region size 1024K, 7 young (7168K), 7 survivors (7168K)
 Metaspace       used 32721K, capacity 33415K, committed 34044K, reserved 1079296K
  class space    used 4489K, capacity 4756K, committed 4860K, reserved 1048576K
}
Event: 3,844 GC heap before
{Heap before GC invocations=10 (full 0):
 garbage-first heap   total 172032K, used 124541K [0x00000000a0000000, 0x0000000100000000)
  region size 1024K, 41 young (41984K), 7 survivors (7168K)
 Metaspace       used 32721K, capacity 33415K, committed 34044K, reserved 1079296K
  class space    used 4489K, capacity 4756K, committed 4860K, reserved 1048576K
}
Event: 3,860 GC heap after
{Heap after GC invocations=11 (full 0):
 garbage-first heap   total 172032K, used 97847K [0x00000000a0000000, 0x0000000100000000)
  region size 1024K, 6 young (6144K), 6 survivors (6144K)
 Metaspace       used 32721K, capacity 33415K, committed 34044K, reserved 1079296K
  class space    used 4489K, capacity 4756K, committed 4860K, reserved 1048576K
}
Event: 4,062 GC heap before
{Heap before GC invocations=12 (full 0):
 garbage-first heap   total 172032K, used 127543K [0x00000000a0000000, 0x0000000100000000)
  region size 1024K, 35 young (35840K), 6 survivors (6144K)
 Metaspace       used 32686K, capacity 33360K, committed 34044K, reserved 1079296K
  class space    used 4478K, capacity 4735K, committed 4860K, reserved 1048576K
}
Event: 4,113 GC heap after
{Heap after GC invocations=13 (full 0):
 garbage-first heap   total 226304K, used 104847K [0x00000000a0000000, 0x0000000100000000)
  region size 1024K, 5 young (5120K), 5 survivors (5120K)
 Metaspace       used 32686K, capacity 33360K, committed 34044K, reserved 1079296K
  class space    used 4478K, capacity 4735K, committed 4860K, reserved 1048576K
}
Event: 4,461 GC heap before
{Heap before GC invocations=13 (full 0):
 garbage-first heap   total 226304K, used 110991K [0x00000000a0000000, 0x0000000100000000)
  region size 1024K, 11 young (11264K), 5 survivors (5120K)
 Metaspace       used 32726K, capacity 33424K, committed 34044K, reserved 1079296K
  class space    used 4487K, capacity 4735K, committed 4860K, reserved 1048576K
}
Event: 4,474 GC heap after
{Heap after GC invocations=14 (full 0):
 garbage-first heap   total 226304K, used 80116K [0x00000000a0000000, 0x0000000100000000)
  region size 1024K, 1 young (1024K), 1 survivors (1024K)
 Metaspace       used 32726K, capacity 33424K, committed 34044K, reserved 1079296K
  class space    used 4487K, capacity 4735K, committed 4860K, reserved 1048576K
}
Event: 4,533 GC heap before
{Heap before GC invocations=14 (full 0):
 garbage-first heap   total 226304K, used 90356K [0x00000000a0000000, 0x0000000100000000)
  region size 1024K, 11 young (11264K), 1 survivors (1024K)
 Metaspace       used 32727K, capacity 33424K, committed 34044K, reserved 1079296K
  class space    used 4487K, capacity 4735K, committed 4860K, reserved 1048576K
}
Event: 4,537 GC heap after
{Heap after GC invocations=15 (full 0):
 garbage-first heap   total 226304K, used 78180K [0x00000000a0000000, 0x0000000100000000)
  region size 1024K, 1 young (1024K), 1 survivors (1024K)
 Metaspace       used 32727K, capacity 33424K, committed 34044K, reserved 1079296K
  class space    used 4487K, capacity 4735K, committed 4860K, reserved 1048576K
}
Event: 5,255 GC heap before
{Heap before GC invocations=15 (full 0):
 garbage-first heap   total 226304K, used 148836K [0x00000000a0000000, 0x0000000100000000)
  region size 1024K, 70 young (71680K), 1 survivors (1024K)
 Metaspace       used 32739K, capacity 33488K, committed 34300K, reserved 1079296K
  class space    used 4487K, capacity 4735K, committed 4860K, reserved 1048576K
}
Event: 5,375 GC heap after
{Heap after GC invocations=16 (full 0):
 garbage-first heap   total 226304K, used 81991K [0x00000000a0000000, 0x0000000100000000)
  region size 1024K, 5 young (5120K), 5 survivors (5120K)
 Metaspace       used 32739K, capacity 33488K, committed 34300K, reserved 1079296K
  class space    used 4487K, capacity 4735K, committed 4860K, reserved 1048576K
}
Event: 8,813 GC heap before
{Heap before GC invocations=16 (full 0):
 garbage-first heap   total 226304K, used 157767K [0x00000000a0000000, 0x0000000100000000)
  region size 1024K, 77 young (78848K), 5 survivors (5120K)
 Metaspace       used 32743K, capacity 33489K, committed 34300K, reserved 1079296K
  class space    used 4487K, capacity 4735K, committed 4860K, reserved 1048576K
}
Event: 8,859 GC heap after
{Heap after GC invocations=17 (full 0):
 garbage-first heap   total 226304K, used 96877K [0x00000000a0000000, 0x0000000100000000)
  region size 1024K, 10 young (10240K), 10 survivors (10240K)
 Metaspace       used 32743K, capacity 33489K, committed 34300K, reserved 1079296K
  class space    used 4487K, capacity 4735K, committed 4860K, reserved 1048576K
}
Event: 9,103 GC heap before
{Heap before GC invocations=17 (full 0):
 garbage-first heap   total 226304K, used 161389K [0x00000000a0000000, 0x0000000100000000)
  region size 1024K, 73 young (74752K), 10 survivors (10240K)
 Metaspace       used 32743K, capacity 33489K, committed 34300K, reserved 1079296K
  class space    used 4487K, capacity 4735K, committed 4860K, reserved 1048576K
}

