# JRE version: OpenJDK Runtime Environment (11.0.12+7) (build 11.0.12+7-post-Debian-2deb10u1)
# Java VM: OpenJDK 64-Bit Server VM (11.0.12+7-post-Debian-2deb10u1, mixed mode, sharing, tiered, compressed oops, g1 gc, linux-amd64)
Heap:
 garbage-first heap   total 350208K, used 98632K [0x00000000a0000000, 0x0000000100000000)
  region size 1024K, 1 young (1024K), 1 survivors (1024K)
 Metaspace       used 47127K, capacity 48080K, committed 48512K, reserved 1091584K
  class space    used 5917K, capacity 6226K, committed 6272K, reserved 1048576K
GC Heap History (20 events):
Event: 3,809 GC heap after
{Heap after GC invocations=7 (full 0):
 garbage-first heap   total 131072K, used 26231K [0x00000000a0000000, 0x0000000100000000)
  region size 1024K, 4 young (4096K), 4 survivors (4096K)
 Metaspace       used 34797K, capacity 35510K, committed 35840K, reserved 1081344K
  class space    used 4668K, capacity 4916K, committed 4992K, reserved 1048576K
}
Event: 6,252 GC heap before
{Heap before GC invocations=8 (full 0):
 garbage-first heap   total 131072K, used 84599K [0x00000000a0000000, 0x0000000100000000)
  region size 1024K, 62 young (63488K), 4 survivors (4096K)
 Metaspace       used 44054K, capacity 44888K, committed 45312K, reserved 1089536K
  class space    used 5768K, capacity 6031K, committed 6144K, reserved 1048576K
}
Event: 6,286 GC heap after
{Heap after GC invocations=9 (full 0):
 garbage-first heap   total 175104K, used 30901K [0x00000000a0000000, 0x0000000100000000)
  region size 1024K, 8 young (8192K), 8 survivors (8192K)
 Metaspace       used 44054K, capacity 44888K, committed 45312K, reserved 1089536K
  class space    used 5768K, capacity 6031K, committed 6144K, reserved 1048576K
}
Event: 12,637 GC heap before
{Heap before GC invocations=9 (full 0):
 garbage-first heap   total 175104K, used 107701K [0x00000000a0000000, 0x0000000100000000)
  region size 1024K, 84 young (86016K), 8 survivors (8192K)
 Metaspace       used 45425K, capacity 46352K, committed 46592K, reserved 1089536K
  class space    used 5800K, capacity 6105K, committed 6144K, reserved 1048576K
}
Event: 12,683 GC heap after
{Heap after GC invocations=10 (full 0):
 garbage-first heap   total 175104K, used 33189K [0x00000000a0000000, 0x0000000100000000)
  region size 1024K, 8 young (8192K), 8 survivors (8192K)
 Metaspace       used 45425K, capacity 46352K, committed 46592K, reserved 1089536K
  class space    used 5800K, capacity 6105K, committed 6144K, reserved 1048576K
}
Event: 33,613 GC heap before
{Heap before GC invocations=10 (full 0):
 garbage-first heap   total 175104K, used 112037K [0x00000000a0000000, 0x0000000100000000)
  region size 1024K, 86 young (88064K), 8 survivors (8192K)
 Metaspace       used 46663K, capacity 47585K, committed 48000K, reserved 1091584K
  class space    used 5884K, capacity 6191K, committed 6272K, reserved 1048576K
}
Event: 33,646 GC heap after
{Heap after GC invocations=11 (full 0):
 garbage-first heap   total 175104K, used 34113K [0x00000000a0000000, 0x0000000100000000)
  region size 1024K, 4 young (4096K), 4 survivors (4096K)
 Metaspace       used 46663K, capacity 47585K, committed 48000K, reserved 1091584K
  class space    used 5884K, capacity 6191K, committed 6272K, reserved 1048576K
}
Event: 35,772 GC heap before
{Heap before GC invocations=11 (full 0):
 garbage-first heap   total 175104K, used 119105K [0x00000000a0000000, 0x0000000100000000)
  region size 1024K, 87 young (89088K), 4 survivors (4096K)
 Metaspace       used 47067K, capacity 48016K, committed 48256K, reserved 1091584K
  class space    used 5913K, capacity 6226K, committed 6272K, reserved 1048576K
}
Event: 35,786 GC heap after
{Heap after GC invocations=12 (full 0):
 garbage-first heap   total 175104K, used 37594K [0x00000000a0000000, 0x0000000100000000)
  region size 1024K, 7 young (7168K), 7 survivors (7168K)
 Metaspace       used 47067K, capacity 48016K, committed 48256K, reserved 1091584K
  class space    used 5913K, capacity 6226K, committed 6272K, reserved 1048576K
}
Event: 36,251 GC heap before
{Heap before GC invocations=12 (full 0):
 garbage-first heap   total 175104K, used 128730K [0x00000000a0000000, 0x0000000100000000)
  region size 1024K, 96 young (98304K), 7 survivors (7168K)
 Metaspace       used 47123K, capacity 48080K, committed 48512K, reserved 1091584K
  class space    used 5917K, capacity 6226K, committed 6272K, reserved 1048576K
}
Event: 36,272 GC heap after
{Heap after GC invocations=13 (full 0):
 garbage-first heap   total 175104K, used 34175K [0x00000000a0000000, 0x0000000100000000)
  region size 1024K, 2 young (2048K), 2 survivors (2048K)
 Metaspace       used 47123K, capacity 48080K, committed 48512K, reserved 1091584K
  class space    used 5917K, capacity 6226K, committed 6272K, reserved 1048576K
}
Event: 36,746 GC heap before
{Heap before GC invocations=13 (full 0):
 garbage-first heap   total 175104K, used 135551K [0x00000000a0000000, 0x0000000100000000)
  region size 1024K, 98 young (100352K), 2 survivors (2048K)
 Metaspace       used 47126K, capacity 48080K, committed 48512K, reserved 1091584K
  class space    used 5917K, capacity 6226K, committed 6272K, reserved 1048576K
}
Event: 36,769 GC heap after
{Heap after GC invocations=14 (full 0):
 garbage-first heap   total 175104K, used 41773K [0x00000000a0000000, 0x0000000100000000)
  region size 1024K, 7 young (7168K), 7 survivors (7168K)
 Metaspace       used 47126K, capacity 48080K, committed 48512K, reserved 1091584K
  class space    used 5917K, capacity 6226K, committed 6272K, reserved 1048576K
}
Event: 37,289 GC heap before
{Heap before GC invocations=14 (full 0):
 garbage-first heap   total 175104K, used 135981K [0x00000000a0000000, 0x0000000100000000)
  region size 1024K, 99 young (101376K), 7 survivors (7168K)
 Metaspace       used 47126K, capacity 48080K, committed 48512K, reserved 1091584K
  class space    used 5917K, capacity 6226K, committed 6272K, reserved 1048576K
}
Event: 37,435 GC heap after
{Heap after GC invocations=15 (full 0):
 garbage-first heap   total 175104K, used 71773K [0x00000000a0000000, 0x0000000100000000)
  region size 1024K, 13 young (13312K), 13 survivors (13312K)
 Metaspace       used 47126K, capacity 48080K, committed 48512K, reserved 1091584K
  class space    used 5917K, capacity 6226K, committed 6272K, reserved 1048576K
}
Event: 38,714 GC heap before
{Heap before GC invocations=15 (full 0):
 garbage-first heap   total 175104K, used 127069K [0x00000000a0000000, 0x0000000100000000)
  region size 1024K, 67 young (68608K), 13 survivors (13312K)
 Metaspace       used 47126K, capacity 48080K, committed 48512K, reserved 1091584K
  class space    used 5917K, capacity 6226K, committed 6272K, reserved 1048576K
}
Event: 38,836 GC heap after
{Heap after GC invocations=16 (full 0):
 garbage-first heap   total 175104K, used 84135K [0x00000000a0000000, 0x0000000100000000)
  region size 1024K, 9 young (9216K), 9 survivors (9216K)
 Metaspace       used 47126K, capacity 48080K, committed 48512K, reserved 1091584K
  class space    used 5917K, capacity 6226K, committed 6272K, reserved 1048576K
}
Event: 42,100 GC heap before
{Heap before GC invocations=16 (full 0):
 garbage-first heap   total 175104K, used 126119K [0x00000000a0000000, 0x0000000100000000)
  region size 1024K, 50 young (51200K), 9 survivors (9216K)
 Metaspace       used 47127K, capacity 48080K, committed 48512K, reserved 1091584K
  class space    used 5917K, capacity 6226K, committed 6272K, reserved 1048576K
}
Event: 43,587 GC heap after
{Heap after GC invocations=17 (full 0):
 garbage-first heap   total 175104K, used 100603K [0x00000000a0000000, 0x0000000100000000)
  region size 1024K, 7 young (7168K), 7 survivors (7168K)
 Metaspace       used 47127K, capacity 48080K, committed 48512K, reserved 1091584K
  class space    used 5917K, capacity 6226K, committed 6272K, reserved 1048576K
}
Event: 44,069 GC heap before
{Heap before GC invocations=17 (full 0):
 garbage-first heap   total 175104K, used 100603K [0x00000000a0000000, 0x0000000100000000)
  region size 1024K, 8 young (8192K), 7 survivors (7168K)
 Metaspace       used 47127K, capacity 48080K, committed 48512K, reserved 1091584K
  class space    used 5917K, capacity 6226K, committed 6272K, reserved 1048576K
}

